2022-09-27 21:27:49 3036 [Note] Plugin 'FEDERATED' is disabled.
2022-09-27 21:27:49 3036 [Note] InnoDB: The InnoDB memory heap is disabled
2022-09-27 21:27:49 3036 [Note] InnoDB: Mutexes and rw_locks use Windows interlocked functions
2022-09-27 21:27:49 3036 [Note] InnoDB: Compressed tables use zlib 1.2.3
2022-09-27 21:27:49 3036 [Note] InnoDB: Not using CPU crc32 instructions
2022-09-27 21:27:49 3036 [Note] InnoDB: Initializing buffer pool, size = 128.0M
2022-09-27 21:27:49 3036 [Note] InnoDB: Completed initialization of buffer pool
2022-09-27 21:27:49 3036 [Note] InnoDB: Setting log file C:\Users\Ilias.aidar\Downloads\USBWebserver v8.6\mysql\data\ib_logfile101 size to 5 MB
2022-09-27 21:27:49 3036 [Note] InnoDB: Setting log file C:\Users\Ilias.aidar\Downloads\USBWebserver v8.6\mysql\data\ib_logfile1 size to 5 MB
2022-09-27 21:27:49 3036 [Note] InnoDB: Renaming log file C:\Users\Ilias.aidar\Downloads\USBWebserver v8.6\mysql\data\ib_logfile101 to C:\Users\Ilias.aidar\Downloads\USBWebserver v8.6\mysql\data\ib_logfile0
2022-09-27 21:27:49 3036 [Warning] InnoDB: New log files created, LSN=1626134
2022-09-27 21:27:49 3036 [Note] InnoDB: Highest supported file format is Barracuda.
2022-09-27 21:27:49 3036 [Note] InnoDB: 128 rollback segment(s) are active.
2022-09-27 21:27:49 3036 [Note] InnoDB: Waiting for purge to start
2022-09-27 21:27:49 3036 [Note] InnoDB: 5.6.13 started; log sequence number 1626636
2022-09-27 21:27:49 3036 [Warning] No existing UUID has been found, so we assume that this is the first time that this server has been started. Generating a new UUID: 1710ab85-3e92-11ed-9034-489ebdf9023f.
2022-09-27 21:27:49 3036 [Note] Server hostname (bind-address): '*'; port: 3307
2022-09-27 21:27:49 3036 [Note] IPv6 is available.
2022-09-27 21:27:49 3036 [Note]   - '::' resolves to '::';
2022-09-27 21:27:49 3036 [Note] Server socket created on IP: '::'.
2022-09-28 10:13:42 19828 [Note] Plugin 'FEDERATED' is disabled.
2022-09-28 10:13:42 19828 [Note] InnoDB: The InnoDB memory heap is disabled
2022-09-28 10:13:42 19828 [Note] InnoDB: Mutexes and rw_locks use Windows interlocked functions
2022-09-28 10:13:42 19828 [Note] InnoDB: Compressed tables use zlib 1.2.3
2022-09-28 10:13:42 19828 [Note] InnoDB: Not using CPU crc32 instructions
2022-09-28 10:13:42 19828 [Note] InnoDB: Initializing buffer pool, size = 128.0M
2022-09-28 10:13:42 19828 [Note] InnoDB: Completed initialization of buffer pool
2022-09-28 10:13:42 19828 [Note] InnoDB: Highest supported file format is Barracuda.
2022-09-28 10:13:42 19828 [Note] InnoDB: The log sequence numbers 1626134 and 1626134 in ibdata files do not match the log sequence number 1626646 in the ib_logfiles!
2022-09-28 10:13:42 19828 [Note] InnoDB: Database was not shutdown normally!
2022-09-28 10:13:42 19828 [Note] InnoDB: Starting crash recovery.
2022-09-28 10:13:42 19828 [Note] InnoDB: Reading tablespace information from the .ibd files...
2022-09-28 10:13:42 19828 [Note] InnoDB: Restoring possible half-written data pages 
2022-09-28 10:13:42 19828 [Note] InnoDB: from the doublewrite buffer...
2022-09-28 10:13:43 19828 [Note] InnoDB: 128 rollback segment(s) are active.
2022-09-28 10:13:43 19828 [Note] InnoDB: Waiting for purge to start
2022-09-28 10:13:43 19828 [Note] InnoDB: 5.6.13 started; log sequence number 1626646
2022-09-28 10:13:43 19828 [Note] Server hostname (bind-address): '*'; port: 3307
2022-09-28 10:13:43 19828 [Note] IPv6 is available.
2022-09-28 10:13:43 19828 [Note]   - '::' resolves to '::';
2022-09-28 10:13:43 19828 [Note] Server socket created on IP: '::'.
